<?xml version="1.0" encoding="UTF-8"?>
<testsuite name="UsuarioReactiveController - WebTestClient" tests="1" skipped="0" failures="0" errors="0" timestamp="2026-07-29T17:21:28" hostname="DESKTOP-DJQ7F5D" time="0.065">
  <properties/>
  <testcase name="GET /api/reactivo/usuarios/conteo devuelve la cantidad real de usuarios" classname="com.tienda.ropa.backend.web.controller.UsuarioReactiveControllerTest" time="0.065"/>
  <system-out><![CDATA[2026-07-29T12:21:27.879-05:00  INFO 25260 --- [    Test worker] t.c.s.AnnotationConfigContextLoaderUtils : Could not detect default configuration classes for test class [com.tienda.ropa.backend.web.controller.UsuarioReactiveControllerTest]: UsuarioReactiveControllerTest does not declare any static, non-private, non-final, nested classes annotated with @Configuration.
2026-07-29T12:21:27.883-05:00  INFO 25260 --- [    Test worker] .b.t.c.SpringBootTestContextBootstrapper : Found @SpringBootConfiguration com.tienda.ropa.backend.BackendApplication for test class com.tienda.ropa.backend.web.controller.UsuarioReactiveControllerTest

  .   ____          _            __ _ _
 /\\ / ___'_ __ _ _(_)_ __  __ _ \ \ \ \
( ( )\___ | '_ | '_| | '_ \/ _` | \ \ \ \
 \\/  ___)| |_)| | | | | || (_| |  ) ) ) )
  '  |____| .__|_| |_|_| |_\__, | / / / /
 =========|_|==============|___/=/_/_/_/
 :: Spring Boot ::                (v3.2.5)

2026-07-29T12:21:27.937-05:00  INFO 25260 --- [    Test worker] .t.r.b.w.c.UsuarioReactiveControllerTest : Starting UsuarioReactiveControllerTest using Java 21.0.9 with PID 25260 (started by david in C:\Users\david\Docs\ProyectoParcial2\GrupoC_ProyectoTiendaRopaNova\backend)
2026-07-29T12:21:27.938-05:00  INFO 25260 --- [    Test worker] .t.r.b.w.c.UsuarioReactiveControllerTest : The following 1 profile is active: "test"
2026-07-29T12:21:28.100-05:00  INFO 25260 --- [    Test worker] .s.d.r.c.RepositoryConfigurationDelegate : Bootstrapping Spring Data JPA repositories in DEFAULT mode.
2026-07-29T12:21:28.114-05:00  INFO 25260 --- [    Test worker] .s.d.r.c.RepositoryConfigurationDelegate : Finished Spring Data repository scanning in 13 ms. Found 5 JPA repository interfaces.
2026-07-29T12:21:28.174-05:00  INFO 25260 --- [    Test worker] o.s.b.w.embedded.tomcat.TomcatWebServer  : Tomcat initialized with port 0 (http)
2026-07-29T12:21:28.175-05:00  INFO 25260 --- [    Test worker] o.apache.catalina.core.StandardService   : Starting service [Tomcat]
2026-07-29T12:21:28.175-05:00  INFO 25260 --- [    Test worker] o.apache.catalina.core.StandardEngine    : Starting Servlet engine: [Apache Tomcat/10.1.20]
2026-07-29T12:21:28.202-05:00  INFO 25260 --- [    Test worker] o.a.c.c.C.[Tomcat].[localhost].[/]       : Initializing Spring embedded WebApplicationContext
2026-07-29T12:21:28.203-05:00  INFO 25260 --- [    Test worker] w.s.c.ServletWebServerApplicationContext : Root WebApplicationContext: initialization completed in 261 ms
2026-07-29T12:21:28.277-05:00  INFO 25260 --- [    Test worker] o.hibernate.jpa.internal.util.LogHelper  : HHH000204: Processing PersistenceUnitInfo [name: default]
2026-07-29T12:21:28.280-05:00  INFO 25260 --- [    Test worker] o.h.c.internal.RegionFactoryInitiator    : HHH000026: Second-level cache disabled
2026-07-29T12:21:28.285-05:00  INFO 25260 --- [    Test worker] o.s.o.j.p.SpringPersistenceUnitInfo      : No LoadTimeWeaver setup: ignoring JPA class transformer
2026-07-29T12:21:28.287-05:00  INFO 25260 --- [    Test worker] com.zaxxer.hikari.HikariDataSource       : HikariPool-4 - Starting...
2026-07-29T12:21:28.287-05:00  INFO 25260 --- [    Test worker] com.zaxxer.hikari.pool.HikariPool        : HikariPool-4 - Added connection conn52: url=jdbc:h2:mem:testdb user=SA
2026-07-29T12:21:28.287-05:00  INFO 25260 --- [    Test worker] com.zaxxer.hikari.HikariDataSource       : HikariPool-4 - Start completed.
2026-07-29T12:21:28.288-05:00  WARN 25260 --- [    Test worker] org.hibernate.orm.deprecation            : HHH90000025: H2Dialect does not need to be specified explicitly using 'hibernate.dialect' (remove the property setting and it will be selected by default)
2026-07-29T12:21:28.406-05:00  INFO 25260 --- [    Test worker] o.h.e.t.j.p.i.JtaPlatformInitiator       : HHH000489: No JTA platform available (set 'hibernate.transaction.jta.platform' to enable JTA platform integration)
2026-07-29T12:21:28.422-05:00  INFO 25260 --- [    Test worker] j.LocalContainerEntityManagerFactoryBean : Initialized JPA EntityManagerFactory for persistence unit 'default'
2026-07-29T12:21:28.514-05:00  WARN 25260 --- [    Test worker] JpaBaseConfiguration$JpaWebConfiguration : spring.jpa.open-in-view is enabled by default. Therefore, database queries may be performed during view rendering. Explicitly configure spring.jpa.open-in-view to disable this warning
2026-07-29T12:21:28.518-05:00  INFO 25260 --- [    Test worker] o.s.b.a.w.s.WelcomePageHandlerMapping    : Adding welcome page: class path resource [static/index.html]
2026-07-29T12:21:28.597-05:00  INFO 25260 --- [    Test worker] o.s.b.w.embedded.tomcat.TomcatWebServer  : Tomcat started on port 58105 (http) with context path ''
2026-07-29T12:21:28.599-05:00  INFO 25260 --- [    Test worker] .t.r.b.w.c.UsuarioReactiveControllerTest : Started UsuarioReactiveControllerTest in 0.711 seconds (process running for 30.033)
2026-07-29T12:21:28.603-05:00  INFO 25260 --- [    Test worker] c.t.ropa.backend.config.DataInitializer  : Cargando datos iniciales...
2026-07-29T12:21:28.626-05:00  INFO 25260 --- [    Test worker] c.t.ropa.backend.config.DataInitializer  : Datos iniciales cargados correctamente.
2026-07-29T12:21:28.679-05:00  INFO 25260 --- [o-auto-3-exec-1] o.a.c.c.C.[Tomcat].[localhost].[/]       : Initializing Spring DispatcherServlet 'dispatcherServlet'
2026-07-29T12:21:28.679-05:00  INFO 25260 --- [o-auto-3-exec-1] o.s.web.servlet.DispatcherServlet        : Initializing Servlet 'dispatcherServlet'
2026-07-29T12:21:28.679-05:00  INFO 25260 --- [o-auto-3-exec-1] o.s.web.servlet.DispatcherServlet        : Completed initialization in 0 ms
2026-07-29T12:21:28.681-05:00  INFO 25260 --- [o-auto-3-exec-1] c.t.r.b.i.RequestLoggingInterceptor      : [REQUEST] GET /api/reactivo/usuarios/conteo | IP: 127.0.0.1
2026-07-29T12:21:28.684-05:00  INFO 25260 --- [o-auto-3-exec-4] c.t.r.b.i.RequestLoggingInterceptor      : [REQUEST] GET /api/reactivo/usuarios/conteo | IP: 127.0.0.1
2026-07-29T12:21:28.686-05:00  INFO 25260 --- [o-auto-3-exec-4] c.t.r.b.i.RequestLoggingInterceptor      : [RESPONSE] GET /api/reactivo/usuarios/conteo | Status: 200 | Tiempo: 2ms
2026-07-29T12:21:30.761-05:00  INFO 25260 --- [    Test worker] j.LocalContainerEntityManagerFactoryBean : Closing JPA EntityManagerFactory for persistence unit 'default'
2026-07-29T12:21:30.767-05:00  INFO 25260 --- [    Test worker] com.zaxxer.hikari.HikariDataSource       : HikariPool-4 - Shutdown initiated...
2026-07-29T12:21:30.769-05:00  INFO 25260 --- [    Test worker] com.zaxxer.hikari.HikariDataSource       : HikariPool-4 - Shutdown completed.
]]></system-out>
  <system-err><![CDATA[]]></system-err>
</testsuite>
