<?xml version="1.0" encoding="UTF-8"?>
<testsuite name="CategoriaRepository - Tests JPA" tests="2" skipped="0" failures="0" errors="0" timestamp="2026-07-29T17:21:14" hostname="DESKTOP-DJQ7F5D" time="0.201">
  <properties/>
  <testcase name="Debe verificar si existe categoría por nombre" classname="com.tienda.ropa.backend.repository.CategoriaRepositoryTest" time="0.181"/>
  <testcase name="Debe guardar y buscar categoría por nombre" classname="com.tienda.ropa.backend.repository.CategoriaRepositoryTest" time="0.019"/>
  <system-out><![CDATA[2026-07-29T12:21:14.268-05:00  INFO 25260 --- [    Test worker] t.c.s.AnnotationConfigContextLoaderUtils : Could not detect default configuration classes for test class [com.tienda.ropa.backend.repository.CategoriaRepositoryTest]: CategoriaRepositoryTest does not declare any static, non-private, non-final, nested classes annotated with @Configuration.
2026-07-29T12:21:14.314-05:00  INFO 25260 --- [    Test worker] .b.t.c.SpringBootTestContextBootstrapper : Found @SpringBootConfiguration com.tienda.ropa.backend.BackendApplication for test class com.tienda.ropa.backend.repository.CategoriaRepositoryTest

  .   ____          _            __ _ _
 /\\ / ___'_ __ _ _(_)_ __  __ _ \ \ \ \
( ( )\___ | '_ | '_| | '_ \/ _` | \ \ \ \
 \\/  ___)| |_)| | | | | || (_| |  ) ) ) )
  '  |____| .__|_| |_|_| |_\__, | / / / /
 =========|_|==============|___/=/_/_/_/
 :: Spring Boot ::                (v3.2.5)

2026-07-29T12:21:14.344-05:00  INFO 25260 --- [    Test worker] c.t.r.b.r.CategoriaRepositoryTest        : Starting CategoriaRepositoryTest using Java 21.0.9 with PID 25260 (started by david in C:\Users\david\Docs\ProyectoParcial2\GrupoC_ProyectoTiendaRopaNova\backend)
2026-07-29T12:21:14.344-05:00  INFO 25260 --- [    Test worker] c.t.r.b.r.CategoriaRepositoryTest        : The following 1 profile is active: "test"
2026-07-29T12:21:14.453-05:00  INFO 25260 --- [    Test worker] .s.d.r.c.RepositoryConfigurationDelegate : Bootstrapping Spring Data JPA repositories in DEFAULT mode.
2026-07-29T12:21:14.473-05:00  INFO 25260 --- [    Test worker] .s.d.r.c.RepositoryConfigurationDelegate : Finished Spring Data repository scanning in 19 ms. Found 5 JPA repository interfaces.
2026-07-29T12:21:14.492-05:00  INFO 25260 --- [    Test worker] beddedDataSourceBeanFactoryPostProcessor : Replacing 'dataSource' DataSource bean with embedded version
2026-07-29T12:21:14.526-05:00  INFO 25260 --- [    Test worker] o.s.j.d.e.EmbeddedDatabaseFactory        : Starting embedded database: url='jdbc:h2:mem:b034f1f8-70a5-40ec-bc02-8593c641599a;DB_CLOSE_DELAY=-1;DB_CLOSE_ON_EXIT=false', username='sa'
2026-07-29T12:21:14.548-05:00  INFO 25260 --- [    Test worker] o.hibernate.jpa.internal.util.LogHelper  : HHH000204: Processing PersistenceUnitInfo [name: default]
2026-07-29T12:21:14.551-05:00  INFO 25260 --- [    Test worker] o.h.c.internal.RegionFactoryInitiator    : HHH000026: Second-level cache disabled
2026-07-29T12:21:14.556-05:00  INFO 25260 --- [    Test worker] o.s.o.j.p.SpringPersistenceUnitInfo      : No LoadTimeWeaver setup: ignoring JPA class transformer
2026-07-29T12:21:14.558-05:00  WARN 25260 --- [    Test worker] org.hibernate.orm.deprecation            : HHH90000025: H2Dialect does not need to be specified explicitly using 'hibernate.dialect' (remove the property setting and it will be selected by default)
2026-07-29T12:21:14.714-05:00  INFO 25260 --- [    Test worker] o.h.e.t.j.p.i.JtaPlatformInitiator       : HHH000489: No JTA platform available (set 'hibernate.transaction.jta.platform' to enable JTA platform integration)
Hibernate: drop table if exists categorias cascade 
Hibernate: drop table if exists detalle_pedidos cascade 
Hibernate: drop table if exists pedidos cascade 
Hibernate: drop table if exists productos cascade 
Hibernate: drop table if exists usuarios cascade 
Hibernate: create table categorias (id_categoria bigint generated by default as identity, nombre varchar(255) not null, primary key (id_categoria))
Hibernate: create table detalle_pedidos (cantidad integer, subtotal float(53), id_detalle bigint generated by default as identity, id_pedido bigint, id_producto bigint, primary key (id_detalle))
Hibernate: create table pedidos (fecha date, total float(53), id_pedido bigint generated by default as identity, id_usuario bigint, estado varchar(255), primary key (id_pedido))
Hibernate: create table productos (active boolean, precio float(53) not null, stock integer not null, id_categoria bigint, id_producto bigint generated by default as identity, imagen_url varchar(500), nombre varchar(255) not null, primary key (id_producto))
Hibernate: create table usuarios (active boolean, id_usuario bigint generated by default as identity, correo varchar(100) not null unique, nombre varchar(100) not null, contrasena varchar(255) not null, rol varchar(255) not null, primary key (id_usuario))
Hibernate: alter table if exists detalle_pedidos add constraint FKs86924p3fo29iu6gayq3bjfad foreign key (id_pedido) references pedidos
Hibernate: alter table if exists detalle_pedidos add constraint FKq12byw0tkkdekdmr3sgqqxfr0 foreign key (id_producto) references productos
Hibernate: alter table if exists pedidos add constraint FK4a0lfwlpmytywxpwjfa1a3ar2 foreign key (id_usuario) references usuarios
Hibernate: alter table if exists productos add constraint FKdtoa37luoxhhvbicrfiu5ygbj foreign key (id_categoria) references categorias
2026-07-29T12:21:14.738-05:00  INFO 25260 --- [    Test worker] j.LocalContainerEntityManagerFactoryBean : Initialized JPA EntityManagerFactory for persistence unit 'default'
2026-07-29T12:21:14.802-05:00  INFO 25260 --- [    Test worker] c.t.r.b.r.CategoriaRepositoryTest        : Started CategoriaRepositoryTest in 0.486 seconds (process running for 16.236)
Hibernate: select c1_0.id_categoria,c1_0.nombre from categorias c1_0
Hibernate: insert into categorias (nombre,id_categoria) values (?,default)
Hibernate: select c1_0.id_categoria from categorias c1_0 where c1_0.nombre=? fetch first ? rows only
Hibernate: select c1_0.id_categoria from categorias c1_0 where c1_0.nombre=? fetch first ? rows only
Hibernate: select c1_0.id_categoria,c1_0.nombre from categorias c1_0
Hibernate: insert into categorias (nombre,id_categoria) values (?,default)
Hibernate: select c1_0.id_categoria,c1_0.nombre from categorias c1_0 where c1_0.nombre=?
]]></system-out>
  <system-err><![CDATA[]]></system-err>
</testsuite>
