<?xml version="1.0" encoding="UTF-8"?>
<testsuite name="PedidoReactiveController - WebTestClient + StepVerifier" tests="2" skipped="0" failures="0" errors="0" timestamp="2026-07-29T07:16:53" hostname="DESKTOP-J0CAMIC" time="0.654">
  <properties/>
  <testcase name="GET /api/reactivo/pedidos/stream emite un pedido por SSE cuando se crea uno nuevo" classname="com.tienda.ropa.backend.web.controller.PedidoReactiveControllerTest" time="0.622"/>
  <testcase name="GET /api/reactivo/pedidos/promedio devuelve un Mono&lt;Double&gt; con el promedio de pedidos" classname="com.tienda.ropa.backend.web.controller.PedidoReactiveControllerTest" time="0.031"/>
  <system-out><![CDATA[2026-07-29T02:16:52.366-05:00  INFO 24732 --- [    Test worker] t.c.s.AnnotationConfigContextLoaderUtils : Could not detect default configuration classes for test class [com.tienda.ropa.backend.web.controller.PedidoReactiveControllerTest]: PedidoReactiveControllerTest does not declare any static, non-private, non-final, nested classes annotated with @Configuration.
2026-07-29T02:16:52.391-05:00  INFO 24732 --- [    Test worker] .b.t.c.SpringBootTestContextBootstrapper : Found @SpringBootConfiguration com.tienda.ropa.backend.BackendApplication for test class com.tienda.ropa.backend.web.controller.PedidoReactiveControllerTest

  .   ____          _            __ _ _
 /\\ / ___'_ __ _ _(_)_ __  __ _ \ \ \ \
( ( )\___ | '_ | '_| | '_ \/ _` | \ \ \ \
 \\/  ___)| |_)| | | | | || (_| |  ) ) ) )
  '  |____| .__|_| |_|_| |_\__, | / / / /
 =========|_|==============|___/=/_/_/_/
 :: Spring Boot ::                (v3.2.5)

2026-07-29T02:16:52.429-05:00  INFO 24732 --- [    Test worker] c.t.r.b.w.c.PedidoReactiveControllerTest : Starting PedidoReactiveControllerTest using Java 17.0.19 with PID 24732 (started by PC in C:\Users\PC\Desktop\Nueva carpeta\GrupoC_ProyectoTiendaRopaNova\backend)
2026-07-29T02:16:52.429-05:00  INFO 24732 --- [    Test worker] c.t.r.b.w.c.PedidoReactiveControllerTest : The following 1 profile is active: "test"
2026-07-29T02:16:52.592-05:00  INFO 24732 --- [    Test worker] .s.d.r.c.RepositoryConfigurationDelegate : Bootstrapping Spring Data JPA repositories in DEFAULT mode.
2026-07-29T02:16:52.610-05:00  INFO 24732 --- [    Test worker] .s.d.r.c.RepositoryConfigurationDelegate : Finished Spring Data repository scanning in 16 ms. Found 5 JPA repository interfaces.
2026-07-29T02:16:52.772-05:00  INFO 24732 --- [    Test worker] o.s.b.w.embedded.tomcat.TomcatWebServer  : Tomcat initialized with port 0 (http)
2026-07-29T02:16:52.781-05:00  INFO 24732 --- [    Test worker] o.apache.catalina.core.StandardService   : Starting service [Tomcat]
2026-07-29T02:16:52.782-05:00  INFO 24732 --- [    Test worker] o.apache.catalina.core.StandardEngine    : Starting Servlet engine: [Apache Tomcat/10.1.20]
2026-07-29T02:16:52.835-05:00  INFO 24732 --- [    Test worker] o.a.c.c.C.[Tomcat].[localhost].[/]       : Initializing Spring embedded WebApplicationContext
2026-07-29T02:16:52.835-05:00  INFO 24732 --- [    Test worker] w.s.c.ServletWebServerApplicationContext : Root WebApplicationContext: initialization completed in 405 ms
2026-07-29T02:16:52.894-05:00  INFO 24732 --- [    Test worker] o.hibernate.jpa.internal.util.LogHelper  : HHH000204: Processing PersistenceUnitInfo [name: default]
2026-07-29T02:16:52.897-05:00  INFO 24732 --- [    Test worker] o.h.c.internal.RegionFactoryInitiator    : HHH000026: Second-level cache disabled
2026-07-29T02:16:52.900-05:00  INFO 24732 --- [    Test worker] o.s.o.j.p.SpringPersistenceUnitInfo      : No LoadTimeWeaver setup: ignoring JPA class transformer
2026-07-29T02:16:52.901-05:00  INFO 24732 --- [    Test worker] com.zaxxer.hikari.HikariDataSource       : HikariPool-2 - Starting...
2026-07-29T02:16:52.902-05:00  INFO 24732 --- [    Test worker] com.zaxxer.hikari.pool.HikariPool        : HikariPool-2 - Added connection conn32: url=jdbc:h2:mem:testdb user=SA
2026-07-29T02:16:52.902-05:00  INFO 24732 --- [    Test worker] com.zaxxer.hikari.HikariDataSource       : HikariPool-2 - Start completed.
2026-07-29T02:16:52.904-05:00  WARN 24732 --- [    Test worker] org.hibernate.orm.deprecation            : HHH90000025: H2Dialect does not need to be specified explicitly using 'hibernate.dialect' (remove the property setting and it will be selected by default)
2026-07-29T02:16:52.968-05:00  INFO 24732 --- [    Test worker] o.h.e.t.j.p.i.JtaPlatformInitiator       : HHH000489: No JTA platform available (set 'hibernate.transaction.jta.platform' to enable JTA platform integration)
2026-07-29T02:16:52.975-05:00  INFO 24732 --- [    Test worker] j.LocalContainerEntityManagerFactoryBean : Initialized JPA EntityManagerFactory for persistence unit 'default'
2026-07-29T02:16:53.054-05:00  WARN 24732 --- [    Test worker] JpaBaseConfiguration$JpaWebConfiguration : spring.jpa.open-in-view is enabled by default. Therefore, database queries may be performed during view rendering. Explicitly configure spring.jpa.open-in-view to disable this warning
2026-07-29T02:16:53.061-05:00  INFO 24732 --- [    Test worker] o.s.b.a.w.s.WelcomePageHandlerMapping    : Adding welcome page: class path resource [static/index.html]
2026-07-29T02:16:53.152-05:00  INFO 24732 --- [    Test worker] o.s.b.w.embedded.tomcat.TomcatWebServer  : Tomcat started on port 52109 (http) with context path ''
2026-07-29T02:16:53.154-05:00  INFO 24732 --- [    Test worker] c.t.r.b.w.c.PedidoReactiveControllerTest : Started PedidoReactiveControllerTest in 0.76 seconds (process running for 6.168)
2026-07-29T02:16:53.159-05:00  INFO 24732 --- [    Test worker] c.t.ropa.backend.config.DataInitializer  : Cargando datos iniciales...
2026-07-29T02:16:53.174-05:00  INFO 24732 --- [    Test worker] c.t.ropa.backend.config.DataInitializer  : Datos iniciales cargados correctamente.
2026-07-29T02:16:53.618-05:00  INFO 24732 --- [o-auto-1-exec-1] o.a.c.c.C.[Tomcat].[localhost].[/]       : Initializing Spring DispatcherServlet 'dispatcherServlet'
2026-07-29T02:16:53.619-05:00  INFO 24732 --- [o-auto-1-exec-1] o.s.web.servlet.DispatcherServlet        : Initializing Servlet 'dispatcherServlet'
2026-07-29T02:16:53.620-05:00  INFO 24732 --- [o-auto-1-exec-1] o.s.web.servlet.DispatcherServlet        : Completed initialization in 1 ms
2026-07-29T02:16:53.634-05:00  INFO 24732 --- [o-auto-1-exec-1] c.t.r.b.i.RequestLoggingInterceptor      : [REQUEST] GET /api/reactivo/pedidos/stream | IP: 127.0.0.1
2026-07-29T02:16:53.640-05:00  INFO 24732 --- [o-auto-1-exec-2] c.t.r.b.i.RequestLoggingInterceptor      : [REQUEST] POST /api/pedidos | IP: 127.0.0.1
2026-07-29T02:16:53.734-05:00  INFO 24732 --- [o-auto-1-exec-3] c.t.r.b.i.RequestLoggingInterceptor      : [REQUEST] POST /api/pedidos | IP: 127.0.0.1
2026-07-29T02:16:53.758-05:00  INFO 24732 --- [o-auto-1-exec-3] c.t.r.b.i.RequestLoggingInterceptor      : [RESPONSE] POST /api/pedidos | Status: 201 | Tiempo: 24ms
2026-07-29T02:16:53.814-05:00  INFO 24732 --- [o-auto-1-exec-4] c.t.r.b.i.RequestLoggingInterceptor      : [REQUEST] GET /api/reactivo/pedidos/promedio | IP: 127.0.0.1
2026-07-29T02:16:53.821-05:00  INFO 24732 --- [o-auto-1-exec-5] c.t.r.b.i.RequestLoggingInterceptor      : [REQUEST] GET /api/reactivo/pedidos/promedio | IP: 127.0.0.1
2026-07-29T02:16:53.822-05:00  INFO 24732 --- [o-auto-1-exec-5] c.t.r.b.i.RequestLoggingInterceptor      : [RESPONSE] GET /api/reactivo/pedidos/promedio | Status: 200 | Tiempo: 1ms
2026-07-29T02:16:53.833-05:00  INFO 24732 --- [o-auto-1-exec-6] c.t.r.b.i.RequestLoggingInterceptor      : [REQUEST] GET /api/reactivo/pedidos/stream | IP: 127.0.0.1
2026-07-29T02:16:53.833-05:00  INFO 24732 --- [o-auto-1-exec-6] c.t.r.b.i.RequestLoggingInterceptor      : [RESPONSE] GET /api/reactivo/pedidos/stream | Status: 200 | Tiempo: 0ms
2026-07-29T02:16:55.918-05:00  INFO 24732 --- [    Test worker] j.LocalContainerEntityManagerFactoryBean : Closing JPA EntityManagerFactory for persistence unit 'default'
2026-07-29T02:16:55.922-05:00  INFO 24732 --- [    Test worker] com.zaxxer.hikari.HikariDataSource       : HikariPool-2 - Shutdown initiated...
2026-07-29T02:16:55.922-05:00  INFO 24732 --- [    Test worker] com.zaxxer.hikari.HikariDataSource       : HikariPool-2 - Shutdown completed.
]]></system-out>
  <system-err><![CDATA[]]></system-err>
</testsuite>
