<?xml version="1.0" encoding="UTF-8"?>
<testsuite name="PedidoReactiveController - WebTestClient + StepVerifier" tests="2" skipped="0" failures="0" errors="0" timestamp="2026-07-29T17:21:19" hostname="DESKTOP-DJQ7F5D" time="2.503">
  <properties/>
  <testcase name="GET /api/reactivo/pedidos/stream emite un pedido por SSE cuando se crea uno nuevo" classname="com.tienda.ropa.backend.web.controller.PedidoReactiveControllerTest" time="2.381"/>
  <testcase name="GET /api/reactivo/pedidos/promedio devuelve un Mono&lt;Double&gt; con el promedio de pedidos" classname="com.tienda.ropa.backend.web.controller.PedidoReactiveControllerTest" time="0.12"/>
  <system-out><![CDATA[2026-07-29T12:21:16.438-05:00  INFO 25260 --- [    Test worker] t.c.s.AnnotationConfigContextLoaderUtils : Could not detect default configuration classes for test class [com.tienda.ropa.backend.web.controller.PedidoReactiveControllerTest]: PedidoReactiveControllerTest does not declare any static, non-private, non-final, nested classes annotated with @Configuration.
2026-07-29T12:21:16.490-05:00  INFO 25260 --- [    Test worker] .b.t.c.SpringBootTestContextBootstrapper : Found @SpringBootConfiguration com.tienda.ropa.backend.BackendApplication for test class com.tienda.ropa.backend.web.controller.PedidoReactiveControllerTest

  .   ____          _            __ _ _
 /\\ / ___'_ __ _ _(_)_ __  __ _ \ \ \ \
( ( )\___ | '_ | '_| | '_ \/ _` | \ \ \ \
 \\/  ___)| |_)| | | | | || (_| |  ) ) ) )
  '  |____| .__|_| |_|_| |_\__, | / / / /
 =========|_|==============|___/=/_/_/_/
 :: Spring Boot ::                (v3.2.5)

2026-07-29T12:21:16.600-05:00  INFO 25260 --- [    Test worker] c.t.r.b.w.c.PedidoReactiveControllerTest : Starting PedidoReactiveControllerTest using Java 21.0.9 with PID 25260 (started by david in C:\Users\david\Docs\ProyectoParcial2\GrupoC_ProyectoTiendaRopaNova\backend)
2026-07-29T12:21:16.600-05:00  INFO 25260 --- [    Test worker] c.t.r.b.w.c.PedidoReactiveControllerTest : The following 1 profile is active: "test"
2026-07-29T12:21:16.949-05:00  INFO 25260 --- [    Test worker] .s.d.r.c.RepositoryConfigurationDelegate : Bootstrapping Spring Data JPA repositories in DEFAULT mode.
2026-07-29T12:21:16.981-05:00  INFO 25260 --- [    Test worker] .s.d.r.c.RepositoryConfigurationDelegate : Finished Spring Data repository scanning in 31 ms. Found 5 JPA repository interfaces.
2026-07-29T12:21:17.681-05:00  INFO 25260 --- [    Test worker] o.s.b.w.embedded.tomcat.TomcatWebServer  : Tomcat initialized with port 0 (http)
2026-07-29T12:21:17.741-05:00  INFO 25260 --- [    Test worker] o.apache.catalina.core.StandardService   : Starting service [Tomcat]
2026-07-29T12:21:17.741-05:00  INFO 25260 --- [    Test worker] o.apache.catalina.core.StandardEngine    : Starting Servlet engine: [Apache Tomcat/10.1.20]
2026-07-29T12:21:17.942-05:00  INFO 25260 --- [    Test worker] o.a.c.c.C.[Tomcat].[localhost].[/]       : Initializing Spring embedded WebApplicationContext
2026-07-29T12:21:17.945-05:00  INFO 25260 --- [    Test worker] w.s.c.ServletWebServerApplicationContext : Root WebApplicationContext: initialization completed in 1340 ms
2026-07-29T12:21:18.220-05:00  INFO 25260 --- [    Test worker] o.hibernate.jpa.internal.util.LogHelper  : HHH000204: Processing PersistenceUnitInfo [name: default]
2026-07-29T12:21:18.229-05:00  INFO 25260 --- [    Test worker] o.h.c.internal.RegionFactoryInitiator    : HHH000026: Second-level cache disabled
2026-07-29T12:21:18.259-05:00  INFO 25260 --- [    Test worker] o.s.o.j.p.SpringPersistenceUnitInfo      : No LoadTimeWeaver setup: ignoring JPA class transformer
2026-07-29T12:21:18.263-05:00  INFO 25260 --- [    Test worker] com.zaxxer.hikari.HikariDataSource       : HikariPool-2 - Starting...
2026-07-29T12:21:18.266-05:00  INFO 25260 --- [    Test worker] com.zaxxer.hikari.pool.HikariPool        : HikariPool-2 - Added connection conn32: url=jdbc:h2:mem:testdb user=SA
2026-07-29T12:21:18.266-05:00  INFO 25260 --- [    Test worker] com.zaxxer.hikari.HikariDataSource       : HikariPool-2 - Start completed.
2026-07-29T12:21:18.269-05:00  WARN 25260 --- [    Test worker] org.hibernate.orm.deprecation            : HHH90000025: H2Dialect does not need to be specified explicitly using 'hibernate.dialect' (remove the property setting and it will be selected by default)
2026-07-29T12:21:18.500-05:00  INFO 25260 --- [    Test worker] o.h.e.t.j.p.i.JtaPlatformInitiator       : HHH000489: No JTA platform available (set 'hibernate.transaction.jta.platform' to enable JTA platform integration)
2026-07-29T12:21:18.528-05:00  INFO 25260 --- [    Test worker] j.LocalContainerEntityManagerFactoryBean : Initialized JPA EntityManagerFactory for persistence unit 'default'
2026-07-29T12:21:18.715-05:00  WARN 25260 --- [    Test worker] JpaBaseConfiguration$JpaWebConfiguration : spring.jpa.open-in-view is enabled by default. Therefore, database queries may be performed during view rendering. Explicitly configure spring.jpa.open-in-view to disable this warning
2026-07-29T12:21:18.732-05:00  INFO 25260 --- [    Test worker] o.s.b.a.w.s.WelcomePageHandlerMapping    : Adding welcome page: class path resource [static/index.html]
2026-07-29T12:21:18.975-05:00  INFO 25260 --- [    Test worker] o.s.b.w.embedded.tomcat.TomcatWebServer  : Tomcat started on port 58095 (http) with context path ''
2026-07-29T12:21:18.981-05:00  INFO 25260 --- [    Test worker] c.t.r.b.w.c.PedidoReactiveControllerTest : Started PedidoReactiveControllerTest in 2.487 seconds (process running for 20.415)
2026-07-29T12:21:18.986-05:00  INFO 25260 --- [    Test worker] c.t.ropa.backend.config.DataInitializer  : Cargando datos iniciales...
2026-07-29T12:21:19.035-05:00  INFO 25260 --- [    Test worker] c.t.ropa.backend.config.DataInitializer  : Datos iniciales cargados correctamente.
2026-07-29T12:21:20.940-05:00  INFO 25260 --- [o-auto-1-exec-2] o.a.c.c.C.[Tomcat].[localhost].[/]       : Initializing Spring DispatcherServlet 'dispatcherServlet'
2026-07-29T12:21:20.940-05:00  INFO 25260 --- [o-auto-1-exec-2] o.s.web.servlet.DispatcherServlet        : Initializing Servlet 'dispatcherServlet'
2026-07-29T12:21:20.944-05:00  INFO 25260 --- [o-auto-1-exec-2] o.s.web.servlet.DispatcherServlet        : Completed initialization in 3 ms
2026-07-29T12:21:20.989-05:00  INFO 25260 --- [o-auto-1-exec-1] c.t.r.b.i.RequestLoggingInterceptor      : [REQUEST] GET /api/reactivo/pedidos/stream | IP: 127.0.0.1
2026-07-29T12:21:20.989-05:00  INFO 25260 --- [o-auto-1-exec-2] c.t.r.b.i.RequestLoggingInterceptor      : [REQUEST] POST /api/pedidos | IP: 127.0.0.1
2026-07-29T12:21:21.241-05:00  INFO 25260 --- [o-auto-1-exec-8] c.t.r.b.i.RequestLoggingInterceptor      : [REQUEST] POST /api/pedidos | IP: 127.0.0.1
2026-07-29T12:21:21.285-05:00  INFO 25260 --- [o-auto-1-exec-8] c.t.r.b.i.RequestLoggingInterceptor      : [RESPONSE] POST /api/pedidos | Status: 201 | Tiempo: 44ms
2026-07-29T12:21:21.490-05:00  INFO 25260 --- [o-auto-1-exec-4] c.t.r.b.i.RequestLoggingInterceptor      : [REQUEST] GET /api/reactivo/pedidos/promedio | IP: 127.0.0.1
2026-07-29T12:21:21.516-05:00  INFO 25260 --- [o-auto-1-exec-5] c.t.r.b.i.RequestLoggingInterceptor      : [REQUEST] GET /api/reactivo/pedidos/promedio | IP: 127.0.0.1
2026-07-29T12:21:21.521-05:00  INFO 25260 --- [o-auto-1-exec-5] c.t.r.b.i.RequestLoggingInterceptor      : [RESPONSE] GET /api/reactivo/pedidos/promedio | Status: 200 | Tiempo: 5ms
2026-07-29T12:21:21.553-05:00  INFO 25260 --- [o-auto-1-exec-6] c.t.r.b.i.RequestLoggingInterceptor      : [REQUEST] GET /api/reactivo/pedidos/stream | IP: 127.0.0.1
2026-07-29T12:21:21.603-05:00  INFO 25260 --- [o-auto-1-exec-6] c.t.r.b.i.RequestLoggingInterceptor      : [RESPONSE] GET /api/reactivo/pedidos/stream | Status: 200 | Tiempo: 50ms
2026-07-29T12:21:23.773-05:00  INFO 25260 --- [    Test worker] j.LocalContainerEntityManagerFactoryBean : Closing JPA EntityManagerFactory for persistence unit 'default'
2026-07-29T12:21:23.787-05:00  INFO 25260 --- [    Test worker] com.zaxxer.hikari.HikariDataSource       : HikariPool-2 - Shutdown initiated...
2026-07-29T12:21:23.813-05:00  INFO 25260 --- [    Test worker] com.zaxxer.hikari.HikariDataSource       : HikariPool-2 - Shutdown completed.
]]></system-out>
  <system-err><![CDATA[]]></system-err>
</testsuite>
