<?xml version="1.0" encoding="UTF-8"?>
<testsuite name="com.tienda.ropa.backend.BackendApplicationTests" tests="1" skipped="0" failures="0" errors="0" timestamp="2026-07-29T17:21:13" hostname="DESKTOP-DJQ7F5D" time="0.622">
  <properties/>
  <testcase name="contextLoads()" classname="com.tienda.ropa.backend.BackendApplicationTests" time="0.622"/>
  <system-out><![CDATA[12:20:59.705 [Test worker] INFO org.springframework.test.context.support.AnnotationConfigContextLoaderUtils -- Could not detect default configuration classes for test class [com.tienda.ropa.backend.BackendApplicationTests]: BackendApplicationTests does not declare any static, non-private, non-final, nested classes annotated with @Configuration.
12:20:59.892 [Test worker] INFO org.springframework.boot.test.context.SpringBootTestContextBootstrapper -- Found @SpringBootConfiguration com.tienda.ropa.backend.BackendApplication for test class com.tienda.ropa.backend.BackendApplicationTests

  .   ____          _            __ _ _
 /\\ / ___'_ __ _ _(_)_ __  __ _ \ \ \ \
( ( )\___ | '_ | '_| | '_ \/ _` | \ \ \ \
 \\/  ___)| |_)| | | | | || (_| |  ) ) ) )
  '  |____| .__|_| |_|_| |_\__, | / / / /
 =========|_|==============|___/=/_/_/_/
 :: Spring Boot ::                (v3.2.5)

2026-07-29T12:21:00.636-05:00  INFO 25260 --- [    Test worker] c.t.r.backend.BackendApplicationTests    : Starting BackendApplicationTests using Java 21.0.9 with PID 25260 (started by david in C:\Users\david\Docs\ProyectoParcial2\GrupoC_ProyectoTiendaRopaNova\backend)
2026-07-29T12:21:00.639-05:00  INFO 25260 --- [    Test worker] c.t.r.backend.BackendApplicationTests    : The following 1 profile is active: "test"
2026-07-29T12:21:02.627-05:00  INFO 25260 --- [    Test worker] .s.d.r.c.RepositoryConfigurationDelegate : Bootstrapping Spring Data JPA repositories in DEFAULT mode.
2026-07-29T12:21:02.839-05:00  INFO 25260 --- [    Test worker] .s.d.r.c.RepositoryConfigurationDelegate : Finished Spring Data repository scanning in 197 ms. Found 5 JPA repository interfaces.
2026-07-29T12:21:04.044-05:00  INFO 25260 --- [    Test worker] o.hibernate.jpa.internal.util.LogHelper  : HHH000204: Processing PersistenceUnitInfo [name: default]
2026-07-29T12:21:04.570-05:00  INFO 25260 --- [    Test worker] org.hibernate.Version                    : HHH000412: Hibernate ORM core version 6.4.4.Final
2026-07-29T12:21:04.843-05:00  INFO 25260 --- [    Test worker] o.h.c.internal.RegionFactoryInitiator    : HHH000026: Second-level cache disabled
2026-07-29T12:21:05.948-05:00  INFO 25260 --- [    Test worker] o.s.o.j.p.SpringPersistenceUnitInfo      : No LoadTimeWeaver setup: ignoring JPA class transformer
2026-07-29T12:21:06.028-05:00  INFO 25260 --- [    Test worker] com.zaxxer.hikari.HikariDataSource       : HikariPool-1 - Starting...
2026-07-29T12:21:06.677-05:00  INFO 25260 --- [    Test worker] com.zaxxer.hikari.pool.HikariPool        : HikariPool-1 - Added connection conn0: url=jdbc:h2:mem:testdb user=SA
2026-07-29T12:21:06.684-05:00  INFO 25260 --- [    Test worker] com.zaxxer.hikari.HikariDataSource       : HikariPool-1 - Start completed.
2026-07-29T12:21:06.820-05:00  WARN 25260 --- [    Test worker] org.hibernate.orm.deprecation            : HHH90000025: H2Dialect does not need to be specified explicitly using 'hibernate.dialect' (remove the property setting and it will be selected by default)
2026-07-29T12:21:10.288-05:00  INFO 25260 --- [    Test worker] o.h.e.t.j.p.i.JtaPlatformInitiator       : HHH000489: No JTA platform available (set 'hibernate.transaction.jta.platform' to enable JTA platform integration)
2026-07-29T12:21:10.455-05:00  INFO 25260 --- [    Test worker] j.LocalContainerEntityManagerFactoryBean : Initialized JPA EntityManagerFactory for persistence unit 'default'
2026-07-29T12:21:11.394-05:00  INFO 25260 --- [    Test worker] o.s.d.j.r.query.QueryEnhancerFactory     : Hibernate is in classpath; If applicable, HQL parser will be used.
2026-07-29T12:21:12.364-05:00  WARN 25260 --- [    Test worker] JpaBaseConfiguration$JpaWebConfiguration : spring.jpa.open-in-view is enabled by default. Therefore, database queries may be performed during view rendering. Explicitly configure spring.jpa.open-in-view to disable this warning
2026-07-29T12:21:12.414-05:00  INFO 25260 --- [    Test worker] o.s.b.a.w.s.WelcomePageHandlerMapping    : Adding welcome page: class path resource [static/index.html]
2026-07-29T12:21:13.263-05:00  INFO 25260 --- [    Test worker] c.t.r.backend.BackendApplicationTests    : Started BackendApplicationTests in 13.079 seconds (process running for 14.697)
2026-07-29T12:21:13.483-05:00  INFO 25260 --- [    Test worker] c.t.ropa.backend.config.DataInitializer  : Cargando datos iniciales...
2026-07-29T12:21:13.624-05:00  INFO 25260 --- [    Test worker] c.t.ropa.backend.config.DataInitializer  : Datos iniciales cargados correctamente.
]]></system-out>
  <system-err><![CDATA[WARNING: A Java agent has been loaded dynamically (C:\Users\david\.gradle\caches\modules-2\files-2.1\net.bytebuddy\byte-buddy-agent\1.14.13\979ce25f7d3096a2e82214ba7dc972a05ce7a171\byte-buddy-agent-1.14.13.jar)
WARNING: If a serviceability tool is in use, please run with -XX:+EnableDynamicAgentLoading to hide this warning
WARNING: If a serviceability tool is not in use, please run with -Djdk.instrument.traceUsage for more information
WARNING: Dynamic loading of agents will be disallowed by default in a future release
]]></system-err>
</testsuite>
