<?xml version="1.0" encoding="UTF-8"?>
<testsuite name="PedidoRepository - Tests JPA" tests="2" skipped="0" failures="0" errors="0" timestamp="2026-07-29T07:16:51" hostname="DESKTOP-J0CAMIC" time="0.03">
  <properties/>
  <testcase name="Debe buscar pedidos por estado" classname="com.tienda.ropa.backend.repository.PedidoRepositoryTest" time="0.02"/>
  <testcase name="Debe guardar y buscar pedidos por usuario" classname="com.tienda.ropa.backend.repository.PedidoRepositoryTest" time="0.009"/>
  <system-out><![CDATA[2026-07-29T02:16:51.675-05:00  INFO 24732 --- [    Test worker] t.c.s.AnnotationConfigContextLoaderUtils : Could not detect default configuration classes for test class [com.tienda.ropa.backend.repository.PedidoRepositoryTest]: PedidoRepositoryTest does not declare any static, non-private, non-final, nested classes annotated with @Configuration.
2026-07-29T02:16:51.679-05:00  INFO 24732 --- [    Test worker] .b.t.c.SpringBootTestContextBootstrapper : Found @SpringBootConfiguration com.tienda.ropa.backend.BackendApplication for test class com.tienda.ropa.backend.repository.PedidoRepositoryTest
Hibernate: select p1_0.id_pedido,p1_0.estado,p1_0.fecha,p1_0.total,p1_0.id_usuario from pedidos p1_0
Hibernate: select u1_0.id_usuario,u1_0.active,u1_0.contrasena,u1_0.correo,u1_0.nombre,u1_0.rol from usuarios u1_0
Hibernate: insert into usuarios (active,contrasena,correo,nombre,rol,id_usuario) values (?,?,?,?,?,default)
Hibernate: insert into pedidos (estado,fecha,total,id_usuario,id_pedido) values (?,?,?,?,default)
Hibernate: select p1_0.id_pedido,p1_0.estado,p1_0.fecha,p1_0.total,p1_0.id_usuario from pedidos p1_0 where p1_0.estado=?
Hibernate: select p1_0.id_pedido,p1_0.estado,p1_0.fecha,p1_0.total,p1_0.id_usuario from pedidos p1_0 where p1_0.estado=?
Hibernate: select p1_0.id_pedido,p1_0.estado,p1_0.fecha,p1_0.total,p1_0.id_usuario from pedidos p1_0
Hibernate: select u1_0.id_usuario,u1_0.active,u1_0.contrasena,u1_0.correo,u1_0.nombre,u1_0.rol from usuarios u1_0
Hibernate: insert into usuarios (active,contrasena,correo,nombre,rol,id_usuario) values (?,?,?,?,?,default)
Hibernate: insert into pedidos (estado,fecha,total,id_usuario,id_pedido) values (?,?,?,?,default)
Hibernate: select p1_0.id_pedido,p1_0.estado,p1_0.fecha,p1_0.total,p1_0.id_usuario from pedidos p1_0 where p1_0.id_usuario=?
]]></system-out>
  <system-err><![CDATA[]]></system-err>
</testsuite>
