<?xml version="1.0" encoding="UTF-8"?>
<testsuite name="UsuarioServiceImpl - Pruebas Unitarias (AAA + Mockito)" tests="12" skipped="0" failures="0" errors="0" timestamp="2026-07-29T07:16:52" hostname="DESKTOP-J0CAMIC" time="0.041">
  <properties/>
  <testcase name="create_validData_shouldSaveAndReturnResponse()" classname="com.tienda.ropa.backend.service.impl.UsuarioServiceTest" time="0.02"/>
  <testcase name="create_emailAlreadyExists_shouldThrowException_andNotSave()" classname="com.tienda.ropa.backend.service.impl.UsuarioServiceTest" time="0.001"/>
  <testcase name="crearUsuario_datosValidos_guardaUsuario_ArgumentCaptor" classname="com.tienda.ropa.backend.service.impl.UsuarioServiceTest" time="0.001"/>
  <testcase name="update_userNotFound_shouldThrowException()" classname="com.tienda.ropa.backend.service.impl.UsuarioServiceTest" time="0.001"/>
  <testcase name="crearUsuario_datosValidos_verificaOrdenEjecucion" classname="com.tienda.ropa.backend.service.impl.UsuarioServiceTest" time="0.001"/>
  <testcase name="deactivate_validId_shouldDeactivateUser()" classname="com.tienda.ropa.backend.service.impl.UsuarioServiceTest" time="0.002"/>
  <testcase name="searchByName_shouldReturnPagedResults()" classname="com.tienda.ropa.backend.service.impl.UsuarioServiceTest" time="0.003"/>
  <testcase name="getById_userNotFound_shouldThrowException()" classname="com.tienda.ropa.backend.service.impl.UsuarioServiceTest" time="0.002"/>
  <testcase name="update_duplicateEmail_shouldThrowException()" classname="com.tienda.ropa.backend.service.impl.UsuarioServiceTest" time="0.001"/>
  <testcase name="getById_userFound_shouldReturnUserResponse()" classname="com.tienda.ropa.backend.service.impl.UsuarioServiceTest" time="0.001"/>
  <testcase name="update_validEmail_shouldUpdateAndReturnResponse()" classname="com.tienda.ropa.backend.service.impl.UsuarioServiceTest" time="0.002"/>
  <testcase name="list_shouldReturnUserList()" classname="com.tienda.ropa.backend.service.impl.UsuarioServiceTest" time="0.002"/>
  <system-out><![CDATA[]]></system-out>
  <system-err><![CDATA[]]></system-err>
</testsuite>
