<?xml version="1.0" encoding="UTF-8"?>
<testsuite name="ProductoServiceImpl - Pruebas Unitarias (AAA + Mockito)" tests="4" skipped="0" failures="0" errors="0" timestamp="2026-07-29T07:16:52" hostname="DESKTOP-J0CAMIC" time="0.008">
  <properties/>
  <testcase name="Debe crear un producto correctamente si la categoría existe" classname="com.tienda.ropa.backend.service.impl.ProductoServiceTest" time="0.002"/>
  <testcase name="Debe lanzar NotFoundException al crear producto con categoría inexistente" classname="com.tienda.ropa.backend.service.impl.ProductoServiceTest" time="0.002"/>
  <testcase name="Debe desactivar un producto existente" classname="com.tienda.ropa.backend.service.impl.ProductoServiceTest" time="0.002"/>
  <testcase name="Debe actualizar precio y stock de producto existente" classname="com.tienda.ropa.backend.service.impl.ProductoServiceTest" time="0.001"/>
  <system-out><![CDATA[]]></system-out>
  <system-err><![CDATA[]]></system-err>
</testsuite>
