<?xml version="1.0" encoding="UTF-8"?>
<testsuite name="ProductoServiceImpl - Pruebas Unitarias (AAA + Mockito)" tests="4" skipped="0" failures="0" errors="0" timestamp="2026-07-29T17:21:16" hostname="DESKTOP-DJQ7F5D" time="0.015">
  <properties/>
  <testcase name="Debe crear un producto correctamente si la categoría existe" classname="com.tienda.ropa.backend.service.impl.ProductoServiceTest" time="0.003"/>
  <testcase name="Debe lanzar NotFoundException al crear producto con categoría inexistente" classname="com.tienda.ropa.backend.service.impl.ProductoServiceTest" time="0.003"/>
  <testcase name="Debe desactivar un producto existente" classname="com.tienda.ropa.backend.service.impl.ProductoServiceTest" time="0.005"/>
  <testcase name="Debe actualizar precio y stock de producto existente" classname="com.tienda.ropa.backend.service.impl.ProductoServiceTest" time="0.004"/>
  <system-out><![CDATA[]]></system-out>
  <system-err><![CDATA[]]></system-err>
</testsuite>
