<?xml version="1.0" encoding="UTF-8"?>
<testsuite name="PedidoServiceImpl - Pruebas Unitarias (AAA + Mockito)" tests="7" skipped="0" failures="0" errors="0" timestamp="2026-07-29T17:21:16" hostname="DESKTOP-DJQ7F5D" time="0.057">
  <properties/>
  <testcase name="crearPedido_usuarioNoEncontrado_lanzaExcepcion" classname="com.tienda.ropa.backend.service.impl.PedidoServiceTest" time="0.008"/>
  <testcase name="crearPedido_validaDatosYRetornaRespuesta" classname="com.tienda.ropa.backend.service.impl.PedidoServiceTest" time="0.01"/>
  <testcase name="crearPedido_stockInsuficiente_lanzaExcepcionYNoGuarda" classname="com.tienda.ropa.backend.service.impl.PedidoServiceTest" time="0.003"/>
  <testcase name="crearPedido_datosValidos_verificaOrdenEjecucion" classname="com.tienda.ropa.backend.service.impl.PedidoServiceTest" time="0.013"/>
  <testcase name="crearPedido_productoDesactivado_lanzaExcepcionYNoGuarda" classname="com.tienda.ropa.backend.service.impl.PedidoServiceTest" time="0.005"/>
  <testcase name="crearPedido_usuarioDesactivado_lanzaExcepcionYNoEjecutaDependencias" classname="com.tienda.ropa.backend.service.impl.PedidoServiceTest" time="0.004"/>
  <testcase name="crearPedido_datosValidos_guardaPedido_ArgumentCaptor" classname="com.tienda.ropa.backend.service.impl.PedidoServiceTest" time="0.006"/>
  <system-out><![CDATA[]]></system-out>
  <system-err><![CDATA[]]></system-err>
</testsuite>
