<?xml version="1.0" encoding="UTF-8"?>
<testsuite name="ProductoReactiveController - WebTestClient + StepVerifier" tests="3" skipped="0" failures="0" errors="0" timestamp="2026-07-29T07:16:56" hostname="DESKTOP-J0CAMIC" time="0.114">
  <properties/>
  <testcase name="GET /promedio-ventas/{id} calcula correctamente el promedio de un producto vendido" classname="com.tienda.ropa.backend.web.controller.ProductoReactiveControllerTest" time="0.058"/>
  <testcase name="GET /promedio-ventas incluye a todos los productos, con y sin ventas" classname="com.tienda.ropa.backend.web.controller.ProductoReactiveControllerTest" time="0.033"/>
  <testcase name="GET /promedio-ventas/{id} devuelve 0.0 para un producto sin ventas registradas" classname="com.tienda.ropa.backend.web.controller.ProductoReactiveControllerTest" time="0.022"/>
  <system-out><![CDATA[2026-07-29T02:16:55.931-05:00  INFO 24732 --- [    Test worker] t.c.s.AnnotationConfigContextLoaderUtils : Could not detect default configuration classes for test class [com.tienda.ropa.backend.web.controller.ProductoReactiveControllerTest]: ProductoReactiveControllerTest does not declare any static, non-private, non-final, nested classes annotated with @Configuration.
2026-07-29T02:16:55.934-05:00  INFO 24732 --- [    Test worker] .b.t.c.SpringBootTestContextBootstrapper : Found @SpringBootConfiguration com.tienda.ropa.backend.BackendApplication for test class com.tienda.ropa.backend.web.controller.ProductoReactiveControllerTest

  .   ____          _            __ _ _
 /\\ / ___'_ __ _ _(_)_ __  __ _ \ \ \ \
( ( )\___ | '_ | '_| | '_ \/ _` | \ \ \ \
 \\/  ___)| |_)| | | | | || (_| |  ) ) ) )
  '  |____| .__|_| |_|_| |_\__, | / / / /
 =========|_|==============|___/=/_/_/_/
 :: Spring Boot ::                (v3.2.5)

2026-07-29T02:16:55.951-05:00  INFO 24732 --- [    Test worker] t.r.b.w.c.ProductoReactiveControllerTest : Starting ProductoReactiveControllerTest using Java 17.0.19 with PID 24732 (started by PC in C:\Users\PC\Desktop\Nueva carpeta\GrupoC_ProyectoTiendaRopaNova\backend)
2026-07-29T02:16:55.951-05:00  INFO 24732 --- [    Test worker] t.r.b.w.c.ProductoReactiveControllerTest : The following 1 profile is active: "test"
2026-07-29T02:16:56.051-05:00  INFO 24732 --- [    Test worker] .s.d.r.c.RepositoryConfigurationDelegate : Bootstrapping Spring Data JPA repositories in DEFAULT mode.
2026-07-29T02:16:56.063-05:00  INFO 24732 --- [    Test worker] .s.d.r.c.RepositoryConfigurationDelegate : Finished Spring Data repository scanning in 12 ms. Found 5 JPA repository interfaces.
2026-07-29T02:16:56.096-05:00  INFO 24732 --- [    Test worker] o.s.b.w.embedded.tomcat.TomcatWebServer  : Tomcat initialized with port 0 (http)
2026-07-29T02:16:56.097-05:00  INFO 24732 --- [    Test worker] o.apache.catalina.core.StandardService   : Starting service [Tomcat]
2026-07-29T02:16:56.097-05:00  INFO 24732 --- [    Test worker] o.apache.catalina.core.StandardEngine    : Starting Servlet engine: [Apache Tomcat/10.1.20]
2026-07-29T02:16:56.112-05:00  INFO 24732 --- [    Test worker] o.a.c.c.C.[Tomcat].[localhost].[/]       : Initializing Spring embedded WebApplicationContext
2026-07-29T02:16:56.112-05:00  INFO 24732 --- [    Test worker] w.s.c.ServletWebServerApplicationContext : Root WebApplicationContext: initialization completed in 160 ms
2026-07-29T02:16:56.127-05:00  INFO 24732 --- [    Test worker] o.hibernate.jpa.internal.util.LogHelper  : HHH000204: Processing PersistenceUnitInfo [name: default]
2026-07-29T02:16:56.129-05:00  INFO 24732 --- [    Test worker] o.h.c.internal.RegionFactoryInitiator    : HHH000026: Second-level cache disabled
2026-07-29T02:16:56.133-05:00  INFO 24732 --- [    Test worker] o.s.o.j.p.SpringPersistenceUnitInfo      : No LoadTimeWeaver setup: ignoring JPA class transformer
2026-07-29T02:16:56.133-05:00  INFO 24732 --- [    Test worker] com.zaxxer.hikari.HikariDataSource       : HikariPool-3 - Starting...
2026-07-29T02:16:56.134-05:00  INFO 24732 --- [    Test worker] com.zaxxer.hikari.pool.HikariPool        : HikariPool-3 - Added connection conn42: url=jdbc:h2:mem:testdb user=SA
2026-07-29T02:16:56.134-05:00  INFO 24732 --- [    Test worker] com.zaxxer.hikari.HikariDataSource       : HikariPool-3 - Start completed.
2026-07-29T02:16:56.134-05:00  WARN 24732 --- [    Test worker] org.hibernate.orm.deprecation            : HHH90000025: H2Dialect does not need to be specified explicitly using 'hibernate.dialect' (remove the property setting and it will be selected by default)
2026-07-29T02:16:56.180-05:00  INFO 24732 --- [    Test worker] o.h.e.t.j.p.i.JtaPlatformInitiator       : HHH000489: No JTA platform available (set 'hibernate.transaction.jta.platform' to enable JTA platform integration)
2026-07-29T02:16:56.184-05:00  INFO 24732 --- [    Test worker] j.LocalContainerEntityManagerFactoryBean : Initialized JPA EntityManagerFactory for persistence unit 'default'
2026-07-29T02:16:56.228-05:00  WARN 24732 --- [    Test worker] JpaBaseConfiguration$JpaWebConfiguration : spring.jpa.open-in-view is enabled by default. Therefore, database queries may be performed during view rendering. Explicitly configure spring.jpa.open-in-view to disable this warning
2026-07-29T02:16:56.231-05:00  INFO 24732 --- [    Test worker] o.s.b.a.w.s.WelcomePageHandlerMapping    : Adding welcome page: class path resource [static/index.html]
2026-07-29T02:16:56.269-05:00  INFO 24732 --- [    Test worker] o.s.b.w.embedded.tomcat.TomcatWebServer  : Tomcat started on port 51365 (http) with context path ''
2026-07-29T02:16:56.271-05:00  INFO 24732 --- [    Test worker] t.r.b.w.c.ProductoReactiveControllerTest : Started ProductoReactiveControllerTest in 0.336 seconds (process running for 9.284)
2026-07-29T02:16:56.273-05:00  INFO 24732 --- [    Test worker] c.t.ropa.backend.config.DataInitializer  : Cargando datos iniciales...
2026-07-29T02:16:56.284-05:00  INFO 24732 --- [    Test worker] c.t.ropa.backend.config.DataInitializer  : Datos iniciales cargados correctamente.
2026-07-29T02:16:56.315-05:00  INFO 24732 --- [o-auto-2-exec-1] o.a.c.c.C.[Tomcat].[localhost].[/]       : Initializing Spring DispatcherServlet 'dispatcherServlet'
2026-07-29T02:16:56.315-05:00  INFO 24732 --- [o-auto-2-exec-1] o.s.web.servlet.DispatcherServlet        : Initializing Servlet 'dispatcherServlet'
2026-07-29T02:16:56.315-05:00  INFO 24732 --- [o-auto-2-exec-1] o.s.web.servlet.DispatcherServlet        : Completed initialization in 0 ms
2026-07-29T02:16:56.317-05:00  INFO 24732 --- [o-auto-2-exec-1] c.t.r.b.i.RequestLoggingInterceptor      : [REQUEST] GET /api/reactivo/productos/9/promedio-ventas | IP: 127.0.0.1
2026-07-29T02:16:56.339-05:00  INFO 24732 --- [o-auto-2-exec-2] c.t.r.b.i.RequestLoggingInterceptor      : [REQUEST] GET /api/reactivo/productos/9/promedio-ventas | IP: 127.0.0.1
2026-07-29T02:16:56.341-05:00  INFO 24732 --- [o-auto-2-exec-2] c.t.r.b.i.RequestLoggingInterceptor      : [RESPONSE] GET /api/reactivo/productos/9/promedio-ventas | Status: 200 | Tiempo: 2ms
2026-07-29T02:16:56.356-05:00  INFO 24732 --- [o-auto-2-exec-3] c.t.r.b.i.RequestLoggingInterceptor      : [REQUEST] GET /api/reactivo/productos/promedio-ventas | IP: 127.0.0.1
2026-07-29T02:16:56.362-05:00  INFO 24732 --- [o-auto-2-exec-4] c.t.r.b.i.RequestLoggingInterceptor      : [REQUEST] GET /api/reactivo/productos/promedio-ventas | IP: 127.0.0.1
2026-07-29T02:16:56.367-05:00  INFO 24732 --- [o-auto-2-exec-4] c.t.r.b.i.RequestLoggingInterceptor      : [RESPONSE] GET /api/reactivo/productos/promedio-ventas | Status: 200 | Tiempo: 5ms
2026-07-29T02:16:56.392-05:00  INFO 24732 --- [o-auto-2-exec-5] c.t.r.b.i.RequestLoggingInterceptor      : [REQUEST] GET /api/reactivo/productos/14/promedio-ventas | IP: 127.0.0.1
2026-07-29T02:16:56.395-05:00  INFO 24732 --- [o-auto-2-exec-6] c.t.r.b.i.RequestLoggingInterceptor      : [REQUEST] GET /api/reactivo/productos/14/promedio-ventas | IP: 127.0.0.1
2026-07-29T02:16:56.396-05:00  INFO 24732 --- [o-auto-2-exec-6] c.t.r.b.i.RequestLoggingInterceptor      : [RESPONSE] GET /api/reactivo/productos/14/promedio-ventas | Status: 200 | Tiempo: 1ms
2026-07-29T02:16:58.487-05:00  INFO 24732 --- [    Test worker] j.LocalContainerEntityManagerFactoryBean : Closing JPA EntityManagerFactory for persistence unit 'default'
2026-07-29T02:16:58.489-05:00  INFO 24732 --- [    Test worker] com.zaxxer.hikari.HikariDataSource       : HikariPool-3 - Shutdown initiated...
2026-07-29T02:16:58.489-05:00  INFO 24732 --- [    Test worker] com.zaxxer.hikari.HikariDataSource       : HikariPool-3 - Shutdown completed.
]]></system-out>
  <system-err><![CDATA[]]></system-err>
</testsuite>
