<?xml version="1.0" encoding="UTF-8"?>
<testsuite name="com.tienda.ropa.backend.BackendApplicationTests" tests="1" skipped="0" failures="0" errors="0" timestamp="2026-07-29T07:16:51" hostname="DESKTOP-J0CAMIC" time="0.296">
  <properties/>
  <testcase name="contextLoads()" classname="com.tienda.ropa.backend.BackendApplicationTests" time="0.296"/>
  <system-out><![CDATA[02:16:47.655 [Test worker] INFO org.springframework.test.context.support.AnnotationConfigContextLoaderUtils -- Could not detect default configuration classes for test class [com.tienda.ropa.backend.BackendApplicationTests]: BackendApplicationTests does not declare any static, non-private, non-final, nested classes annotated with @Configuration.
02:16:47.721 [Test worker] INFO org.springframework.boot.test.context.SpringBootTestContextBootstrapper -- Found @SpringBootConfiguration com.tienda.ropa.backend.BackendApplication for test class com.tienda.ropa.backend.BackendApplicationTests

  .   ____          _            __ _ _
 /\\ / ___'_ __ _ _(_)_ __  __ _ \ \ \ \
( ( )\___ | '_ | '_| | '_ \/ _` | \ \ \ \
 \\/  ___)| |_)| | | | | || (_| |  ) ) ) )
  '  |____| .__|_| |_|_| |_\__, | / / / /
 =========|_|==============|___/=/_/_/_/
 :: Spring Boot ::                (v3.2.5)

2026-07-29T02:16:48.007-05:00  INFO 24732 --- [    Test worker] c.t.r.backend.BackendApplicationTests    : Starting BackendApplicationTests using Java 17.0.19 with PID 24732 (started by PC in C:\Users\PC\Desktop\Nueva carpeta\GrupoC_ProyectoTiendaRopaNova\backend)
2026-07-29T02:16:48.008-05:00  INFO 24732 --- [    Test worker] c.t.r.backend.BackendApplicationTests    : The following 1 profile is active: "test"
2026-07-29T02:16:48.485-05:00  INFO 24732 --- [    Test worker] .s.d.r.c.RepositoryConfigurationDelegate : Bootstrapping Spring Data JPA repositories in DEFAULT mode.
2026-07-29T02:16:48.594-05:00  INFO 24732 --- [    Test worker] .s.d.r.c.RepositoryConfigurationDelegate : Finished Spring Data repository scanning in 102 ms. Found 5 JPA repository interfaces.
2026-07-29T02:16:48.904-05:00  INFO 24732 --- [    Test worker] o.hibernate.jpa.internal.util.LogHelper  : HHH000204: Processing PersistenceUnitInfo [name: default]
2026-07-29T02:16:48.965-05:00  INFO 24732 --- [    Test worker] org.hibernate.Version                    : HHH000412: Hibernate ORM core version 6.4.4.Final
2026-07-29T02:16:48.996-05:00  INFO 24732 --- [    Test worker] o.h.c.internal.RegionFactoryInitiator    : HHH000026: Second-level cache disabled
2026-07-29T02:16:49.159-05:00  INFO 24732 --- [    Test worker] o.s.o.j.p.SpringPersistenceUnitInfo      : No LoadTimeWeaver setup: ignoring JPA class transformer
2026-07-29T02:16:49.179-05:00  INFO 24732 --- [    Test worker] com.zaxxer.hikari.HikariDataSource       : HikariPool-1 - Starting...
2026-07-29T02:16:49.287-05:00  INFO 24732 --- [    Test worker] com.zaxxer.hikari.pool.HikariPool        : HikariPool-1 - Added connection conn0: url=jdbc:h2:mem:testdb user=SA
2026-07-29T02:16:49.288-05:00  INFO 24732 --- [    Test worker] com.zaxxer.hikari.HikariDataSource       : HikariPool-1 - Start completed.
2026-07-29T02:16:49.302-05:00  WARN 24732 --- [    Test worker] org.hibernate.orm.deprecation            : HHH90000025: H2Dialect does not need to be specified explicitly using 'hibernate.dialect' (remove the property setting and it will be selected by default)
2026-07-29T02:16:49.908-05:00  INFO 24732 --- [    Test worker] o.h.e.t.j.p.i.JtaPlatformInitiator       : HHH000489: No JTA platform available (set 'hibernate.transaction.jta.platform' to enable JTA platform integration)
2026-07-29T02:16:49.944-05:00  INFO 24732 --- [    Test worker] j.LocalContainerEntityManagerFactoryBean : Initialized JPA EntityManagerFactory for persistence unit 'default'
2026-07-29T02:16:50.195-05:00  INFO 24732 --- [    Test worker] o.s.d.j.r.query.QueryEnhancerFactory     : Hibernate is in classpath; If applicable, HQL parser will be used.
2026-07-29T02:16:50.575-05:00  WARN 24732 --- [    Test worker] JpaBaseConfiguration$JpaWebConfiguration : spring.jpa.open-in-view is enabled by default. Therefore, database queries may be performed during view rendering. Explicitly configure spring.jpa.open-in-view to disable this warning
2026-07-29T02:16:50.586-05:00  INFO 24732 --- [    Test worker] o.s.b.a.w.s.WelcomePageHandlerMapping    : Adding welcome page: class path resource [static/index.html]
2026-07-29T02:16:50.838-05:00  INFO 24732 --- [    Test worker] c.t.r.backend.BackendApplicationTests    : Started BackendApplicationTests in 3.013 seconds (process running for 3.852)
2026-07-29T02:16:50.911-05:00  INFO 24732 --- [    Test worker] c.t.ropa.backend.config.DataInitializer  : Cargando datos iniciales...
2026-07-29T02:16:50.989-05:00  INFO 24732 --- [    Test worker] c.t.ropa.backend.config.DataInitializer  : Datos iniciales cargados correctamente.
]]></system-out>
  <system-err><![CDATA[]]></system-err>
</testsuite>
