<?xml version="1.0" encoding="UTF-8"?>
<testsuite name="ProductoRepository - Tests JPA" tests="4" skipped="0" failures="0" errors="0" timestamp="2026-07-29T07:16:51" hostname="DESKTOP-J0CAMIC" time="0.049">
  <properties/>
  <testcase name="Debe buscar productos por nombre" classname="com.tienda.ropa.backend.repository.ProductoRepositoryTest" time="0.02"/>
  <testcase name="Configuración H2 correcta" classname="com.tienda.ropa.backend.repository.ProductoRepositoryTest" time="0.008"/>
  <testcase name="Debe retornar vacío" classname="com.tienda.ropa.backend.repository.ProductoRepositoryTest" time="0.009"/>
  <testcase name="Debe guardar y recuperar producto" classname="com.tienda.ropa.backend.repository.ProductoRepositoryTest" time="0.009"/>
  <system-out><![CDATA[2026-07-29T02:16:51.713-05:00  INFO 24732 --- [    Test worker] t.c.s.AnnotationConfigContextLoaderUtils : Could not detect default configuration classes for test class [com.tienda.ropa.backend.repository.ProductoRepositoryTest]: ProductoRepositoryTest does not declare any static, non-private, non-final, nested classes annotated with @Configuration.
2026-07-29T02:16:51.718-05:00  INFO 24732 --- [    Test worker] .b.t.c.SpringBootTestContextBootstrapper : Found @SpringBootConfiguration com.tienda.ropa.backend.BackendApplication for test class com.tienda.ropa.backend.repository.ProductoRepositoryTest
Hibernate: select p1_0.id_producto,p1_0.active,p1_0.id_categoria,p1_0.nombre,p1_0.precio,p1_0.stock from productos p1_0
Hibernate: select c1_0.id_categoria,c1_0.nombre from categorias c1_0
Hibernate: insert into categorias (nombre,id_categoria) values (?,default)
Hibernate: insert into productos (active,id_categoria,nombre,precio,stock,id_producto) values (?,?,?,?,?,default)
Hibernate: insert into productos (active,id_categoria,nombre,precio,stock,id_producto) values (?,?,?,?,?,default)
Hibernate: insert into productos (active,id_categoria,nombre,precio,stock,id_producto) values (?,?,?,?,?,default)
Hibernate: select p1_0.id_producto,p1_0.active,p1_0.id_categoria,p1_0.nombre,p1_0.precio,p1_0.stock from productos p1_0 where upper(p1_0.nombre) like upper(?) escape '\' offset ? rows fetch first ? rows only
Hibernate: select p1_0.id_producto,p1_0.active,p1_0.id_categoria,p1_0.nombre,p1_0.precio,p1_0.stock from productos p1_0
Hibernate: select c1_0.id_categoria,c1_0.nombre from categorias c1_0
Hibernate: insert into categorias (nombre,id_categoria) values (?,default)
Hibernate: select p1_0.id_producto,p1_0.active,p1_0.id_categoria,p1_0.nombre,p1_0.precio,p1_0.stock from productos p1_0
Hibernate: insert into productos (active,id_categoria,nombre,precio,stock,id_producto) values (?,?,?,?,?,default)
Hibernate: select p1_0.id_producto,p1_0.active,p1_0.id_categoria,p1_0.nombre,p1_0.precio,p1_0.stock from productos p1_0
Hibernate: select p1_0.id_producto,p1_0.active,p1_0.id_categoria,p1_0.nombre,p1_0.precio,p1_0.stock from productos p1_0
Hibernate: select c1_0.id_categoria,c1_0.nombre from categorias c1_0
Hibernate: insert into categorias (nombre,id_categoria) values (?,default)
Hibernate: insert into productos (active,id_categoria,nombre,precio,stock,id_producto) values (?,?,?,?,?,default)
Hibernate: select p1_0.id_producto,p1_0.active,p1_0.id_categoria,p1_0.nombre,p1_0.precio,p1_0.stock from productos p1_0 where upper(p1_0.nombre) like upper(?) escape '\' offset ? rows fetch first ? rows only
Hibernate: select p1_0.id_producto,p1_0.active,p1_0.id_categoria,p1_0.nombre,p1_0.precio,p1_0.stock from productos p1_0
Hibernate: select c1_0.id_categoria,c1_0.nombre from categorias c1_0
Hibernate: insert into categorias (nombre,id_categoria) values (?,default)
Hibernate: insert into productos (active,id_categoria,nombre,precio,stock,id_producto) values (?,?,?,?,?,default)
]]></system-out>
  <system-err><![CDATA[]]></system-err>
</testsuite>
